Arguments: 
  /Users/jay/.nvm/versions/node/v8.5.0/bin/node /Users/jay/.nvm/versions/node/v8.5.0/bin/yarn

PATH: 
  /Users/jay/.nvm/versions/node/v8.5.0/bin:/usr/local/bin:/usr/bin:/bin:/usr/sbin:/sbin

Yarn version: 
  1.5.1

Node version: 
  8.5.0

Platform: 
  darwin x64

npm manifest: 
  {
    "name": "hexo-site",
    "version": "0.0.0",
    "private": true,
    "hexo": {
      "version": "3.3.7"
    },
    "dependencies": {
      "hexo": "^3.2.0",
      "hexo-deployer-git": "^0.2.0",
      "hexo-generator-archive": "^0.1.4",
      "hexo-generator-category": "^0.1.3",
      "hexo-generator-index": "^0.2.0",
      "hexo-generator-tag": "^0.2.0",
      "hexo-renderer-ejs": "^0.2.0",
      "hexo-renderer-marked": "^0.2.10",
      "hexo-renderer-stylus": "^0.3.1",
      "hexo-server": "^0.2.0"
    }
  }

yarn manifest: 
  No manifest

Lockfile: 
  No lockfile

Trace: 
  Error: https://registry.npm.taobao.org/hexo: ETIMEDOUT
      at Timeout._onTimeout (/Users/jay/.nvm/versions/node/v8.5.0/lib/node_modules/yarn/lib/cli.js:133094:19)
      at ontimeout (timers.js:469:11)
      at tryOnTimeout (timers.js:304:5)
      at Timer.listOnTimeout (timers.js:264:5)
